Base path: 'D:/Unity/6000.2.9f1/Editor/Data', plugins path 'D:/Unity/6000.2.9f1/Editor/Data/PlaybackEngines'
Cmd: initializeCompiler

Cmd: compileSnippet
  insize=25536 file=Assets/WaterWorks/Shaders/SSR_Water.shadergraph name=Shader Graphs/SSR_Water pass=SceneSelectionPass ppOnly=0 stripLineD=0 buildPlatform=19 rsLen=0 pKW=UNITY_ENABLE_REFLECTION_BUFFERS UNITY_USE_DITHER_MASK_FOR_ALPHABLENDED_SHADOWS UNITY_PBS_USE_BRDF1 UNITY_SPECCUBE_BOX_PROJECTION UNITY_SPECCUBE_BLENDING UNITY_ENABLE_DETAIL_NORMALMAP SHADER_API_DESKTOP UNITY_LIGHT_PROBE_PROXY_VOLUME UNITY_LIGHTMAP_FULL_HDR UNITY_PLATFORM_SUPPORTS_DEPTH_FETCH uKW= dKW=DOTS_INSTANCING_ON UNITY_NO_DXT5nm UNITY_FRAMEBUFFER_FETCH_AVAILABLE UNITY_METAL_SHADOWS_USE_POINT_FILTERING UNITY_NO_SCREENSPACE_SHADOWS UNITY_PBS_USE_BRDF2 UNITY_PBS_USE_BRDF3 UNITY_HARDWARE_TIER1 UNITY_HARDWARE_TIER2 UNITY_HARDWARE_TIER3 UNITY_COLORSPACE_GAMMA UNITY_LIGHTMAP_DLDR_ENCODING UNITY_LIGHTMAP_RGBM_ENCODING UNITY_VIRTUAL_TEXTURING UNITY_PRETRANSFORM_TO_DISPLAY_ORIENTATION UNITY_ASTC_NORMALMAP_ENCODING SHADER_API_GLES30 SHADER_API_GLES31 SHADER_API_GLES32 UNITY_UNIFIED_SHADER_PRECISION_MODEL flags=0 lang=3 type=Fragment platform=d3d11 reqs=1 mask=6 start=6049 ok=1 outsize=322

Cmd: compileSnippet
  insize=14188 file=Assets/WaterWorks/Shaders/Volumetric_Water.shader name=GapperGames/Volumetric_Water pass=Universal Forward ppOnly=0 stripLineD=0 buildPlatform=19 rsLen=0 pKW=UNITY_ENABLE_REFLECTION_BUFFERS UNITY_USE_DITHER_MASK_FOR_ALPHABLENDED_SHADOWS UNITY_PBS_USE_BRDF1 UNITY_SPECCUBE_BOX_PROJECTION UNITY_SPECCUBE_BLENDING UNITY_ENABLE_DETAIL_NORMALMAP SHADER_API_DESKTOP UNITY_LIGHT_PROBE_PROXY_VOLUME UNITY_LIGHTMAP_FULL_HDR UNITY_PLATFORM_SUPPORTS_DEPTH_FETCH uKW=_ADDITIONAL_LIGHTS_VERTEX dKW=DOTS_INSTANCING_ON _SCREEN_SPACE_OCCLUSION LIGHTMAP_ON DIRLIGHTMAP_COMBINED _MAIN_LIGHT_SHADOWS _MAIN_LIGHT_SHADOWS_CASCADE _MAIN_LIGHT_SHADOWS_SCREEN _ADDITIONAL_LIGHTS _ADDITIONAL_OFF _ADDITIONAL_LIGHT_SHADOWS _SHADOWS_SOFT LIGHTMAP_SHADOW_MIXING SHADOWS_SHADOWMASK INSTANCING_ON FOG_LINEAR FOG_EXP FOG_EXP2 UNITY_NO_DXT5nm UNITY_FRAMEBUFFER_FETCH_AVAILABLE UNITY_METAL_SHADOWS_USE_POINT_FILTERING UNITY_NO_SCREENSPACE_SHADOWS UNITY_PBS_USE_BRDF2 UNITY_PBS_USE_BRDF3 UNITY_HARDWARE_TIER1 UNITY_HARDWARE_TIER2 UNITY_HARDWARE_TIER3 UNITY_COLORSPACE_GAMMA UNITY_LIGHTMAP_DLDR_ENCODING UNITY_LIGHTMAP_RGBM_ENCODING UNITY_VIRTUAL_TEXTURING UNITY_PRETRANSFORM_TO_DISPLAY_ORIENTATION UNITY_ASTC_NORMALMAP_ENCODING SHADER_API_GLES30 SHADER_API_GLES31 SHADER_API_GLES32 UNITY_UNIFIED_SHADER_PRECISION_MODEL flags=0 lang=3 type=Fragment platform=d3d11 reqs=1101803 mask=6 start=33  error: 1 plat 4 at Assets/WaterWorks/Shaders/Water_Volume.hlsl(72): implicit truncation of vector type
  error: 1 plat 4 at Assets/WaterWorks/Shaders/Water_Volume.hlsl(73): implicit truncation of vector type
  error: 1 plat 4 at Assets/WaterWorks/Shaders/Water_Volume.hlsl(94): implicit truncation of vector type
  error: 1 plat 4 at Assets/WaterWorks/Shaders/Water_Volume.hlsl(95): implicit truncation of vector type
  error: 1 plat 4 at Assets/WaterWorks/Shaders/Water_Volume.hlsl(113): implicit truncation of vector type
  error: 1 plat 4 at Assets/WaterWorks/Shaders/Water_Volume.hlsl(115): use of potentially uninitialized variable (SurfaceDescriptionFunction)
  error: 1 plat 4 at Assets/WaterWorks/Shaders/Water_Volume.hlsl(135): pow(f, e) will not work for negative f, use abs(f) or conditionally handle negative values if you expect them
  error: 1 plat 4 at Assets/WaterWorks/Shaders/Water_Volume.hlsl(138): pow(f, e) will not work for negative f, use abs(f) or conditionally handle negative values if you expect them
  error: 1 plat 4 at Assets/WaterWorks/Shaders/Water_Volume.hlsl(140): 'Cellular': implicit truncation of vector type
  error: 1 plat 4 at Assets/WaterWorks/Shaders/Water_Volume.hlsl(140): implicit truncation of vector type
  error: 1 plat 4 at Assets/WaterWorks/Shaders/Water_Volume.hlsl(170): implicit truncation of vector type
  error: 1 plat 4 at Assets/WaterWorks/Shaders/Water_Volume.hlsl(172): 'lerp': implicit truncation of vector type
 ok=1 outsize=8134

Cmd: compileSnippet
  insize=14188 file=Assets/WaterWorks/Shaders/Volumetric_Water.shader name=GapperGames/Volumetric_Water pass=Universal Forward ppOnly=0 stripLineD=0 buildPlatform=19 rsLen=0 pKW=UNITY_ENABLE_REFLECTION_BUFFERS UNITY_USE_DITHER_MASK_FOR_ALPHABLENDED_SHADOWS UNITY_PBS_USE_BRDF1 UNITY_SPECCUBE_BOX_PROJECTION UNITY_SPECCUBE_BLENDING UNITY_ENABLE_DETAIL_NORMALMAP SHADER_API_DESKTOP UNITY_LIGHT_PROBE_PROXY_VOLUME UNITY_LIGHTMAP_FULL_HDR UNITY_PLATFORM_SUPPORTS_DEPTH_FETCH uKW=_SCREEN_SPACE_OCCLUSION _MAIN_LIGHT_SHADOWS_CASCADE _ADDITIONAL_OFF _ADDITIONAL_LIGHT_SHADOWS dKW=DOTS_INSTANCING_ON LIGHTMAP_ON DIRLIGHTMAP_COMBINED _MAIN_LIGHT_SHADOWS _MAIN_LIGHT_SHADOWS_SCREEN _ADDITIONAL_LIGHTS_VERTEX _ADDITIONAL_LIGHTS _SHADOWS_SOFT LIGHTMAP_SHADOW_MIXING SHADOWS_SHADOWMASK INSTANCING_ON FOG_LINEAR FOG_EXP FOG_EXP2 UNITY_NO_DXT5nm UNITY_FRAMEBUFFER_FETCH_AVAILABLE UNITY_METAL_SHADOWS_USE_POINT_FILTERING UNITY_NO_SCREENSPACE_SHADOWS UNITY_PBS_USE_BRDF2 UNITY_PBS_USE_BRDF3 UNITY_HARDWARE_TIER1 UNITY_HARDWARE_TIER2 UNITY_HARDWARE_TIER3 UNITY_COLORSPACE_GAMMA UNITY_LIGHTMAP_DLDR_ENCODING UNITY_LIGHTMAP_RGBM_ENCODING UNITY_VIRTUAL_TEXTURING UNITY_PRETRANSFORM_TO_DISPLAY_ORIENTATION UNITY_ASTC_NORMALMAP_ENCODING SHADER_API_GLES30 SHADER_API_GLES31 SHADER_API_GLES32 UNITY_UNIFIED_SHADER_PRECISION_MODEL flags=0 lang=3 type=Vertex platform=d3d11 reqs=1101803 mask=6 start=33  error: 1 plat 4 at Assets/WaterWorks/Shaders/Water_Volume.hlsl(72): implicit truncation of vector type
  error: 1 plat 4 at Assets/WaterWorks/Shaders/Water_Volume.hlsl(73): implicit truncation of vector type
  error: 1 plat 4 at Assets/WaterWorks/Shaders/Water_Volume.hlsl(94): implicit truncation of vector type
  error: 1 plat 4 at Assets/WaterWorks/Shaders/Water_Volume.hlsl(95): implicit truncation of vector type
  error: 1 plat 4 at Assets/WaterWorks/Shaders/Water_Volume.hlsl(113): implicit truncation of vector type
  error: 1 plat 4 at Assets/WaterWorks/Shaders/Water_Volume.hlsl(140): 'Cellular': implicit truncation of vector type
  error: 1 plat 4 at Assets/WaterWorks/Shaders/Water_Volume.hlsl(140): implicit truncation of vector type
  error: 1 plat 4 at Assets/WaterWorks/Shaders/Water_Volume.hlsl(170): implicit truncation of vector type
  error: 1 plat 4 at Assets/WaterWorks/Shaders/Water_Volume.hlsl(172): 'lerp': implicit truncation of vector type
 ok=1 outsize=2806

Cmd: compileSnippet
  insize=14188 file=Assets/WaterWorks/Shaders/Volumetric_Water.shader name=GapperGames/Volumetric_Water pass=Universal Forward ppOnly=0 stripLineD=0 buildPlatform=19 rsLen=0 pKW=UNITY_ENABLE_REFLECTION_BUFFERS UNITY_USE_DITHER_MASK_FOR_ALPHABLENDED_SHADOWS UNITY_PBS_USE_BRDF1 UNITY_SPECCUBE_BOX_PROJECTION UNITY_SPECCUBE_BLENDING UNITY_ENABLE_DETAIL_NORMALMAP SHADER_API_DESKTOP UNITY_LIGHT_PROBE_PROXY_VOLUME UNITY_LIGHTMAP_FULL_HDR UNITY_PLATFORM_SUPPORTS_DEPTH_FETCH uKW=_SCREEN_SPACE_OCCLUSION _MAIN_LIGHT_SHADOWS _ADDITIONAL_OFF _ADDITIONAL_LIGHT_SHADOWS _SHADOWS_SOFT FOG_EXP2 dKW=DOTS_INSTANCING_ON LIGHTMAP_ON DIRLIGHTMAP_COMBINED _MAIN_LIGHT_SHADOWS_CASCADE _MAIN_LIGHT_SHADOWS_SCREEN _ADDITIONAL_LIGHTS_VERTEX _ADDITIONAL_LIGHTS LIGHTMAP_SHADOW_MIXING SHADOWS_SHADOWMASK INSTANCING_ON FOG_LINEAR FOG_EXP UNITY_NO_DXT5nm UNITY_FRAMEBUFFER_FETCH_AVAILABLE UNITY_METAL_SHADOWS_USE_POINT_FILTERING UNITY_NO_SCREENSPACE_SHADOWS UNITY_PBS_USE_BRDF2 UNITY_PBS_USE_BRDF3 UNITY_HARDWARE_TIER1 UNITY_HARDWARE_TIER2 UNITY_HARDWARE_TIER3 UNITY_COLORSPACE_GAMMA UNITY_LIGHTMAP_DLDR_ENCODING UNITY_LIGHTMAP_RGBM_ENCODING UNITY_VIRTUAL_TEXTURING UNITY_PRETRANSFORM_TO_DISPLAY_ORIENTATION UNITY_ASTC_NORMALMAP_ENCODING SHADER_API_GLES30 SHADER_API_GLES31 SHADER_API_GLES32 UNITY_UNIFIED_SHADER_PRECISION_MODEL flags=0 lang=3 type=Fragment platform=d3d11 reqs=1101803 mask=6 start=33  error: 1 plat 4 at Assets/WaterWorks/Shaders/Water_Volume.hlsl(72): implicit truncation of vector type
  error: 1 plat 4 at Assets/WaterWorks/Shaders/Water_Volume.hlsl(73): implicit truncation of vector type
  error: 1 plat 4 at Assets/WaterWorks/Shaders/Water_Volume.hlsl(94): implicit truncation of vector type
  error: 1 plat 4 at Assets/WaterWorks/Shaders/Water_Volume.hlsl(95): implicit truncation of vector type
  error: 1 plat 4 at Assets/WaterWorks/Shaders/Water_Volume.hlsl(113): implicit truncation of vector type
  error: 1 plat 4 at Assets/WaterWorks/Shaders/Water_Volume.hlsl(115): use of potentially uninitialized variable (SurfaceDescriptionFunction)
  error: 1 plat 4 at Assets/WaterWorks/Shaders/Water_Volume.hlsl(135): pow(f, e) will not work for negative f, use abs(f) or conditionally handle negative values if you expect them
  error: 1 plat 4 at Assets/WaterWorks/Shaders/Water_Volume.hlsl(138): pow(f, e) will not work for negative f, use abs(f) or conditionally handle negative values if you expect them
  error: 1 plat 4 at Assets/WaterWorks/Shaders/Water_Volume.hlsl(140): 'Cellular': implicit truncation of vector type
  error: 1 plat 4 at Assets/WaterWorks/Shaders/Water_Volume.hlsl(140): implicit truncation of vector type
  error: 1 plat 4 at Assets/WaterWorks/Shaders/Water_Volume.hlsl(170): implicit truncation of vector type
  error: 1 plat 4 at Assets/WaterWorks/Shaders/Water_Volume.hlsl(172): 'lerp': implicit truncation of vector type
 ok=1 outsize=8502

